<?xml version="1.0" encoding="UTF-8"?>
<!-- Generated by org.testng.reporters.JUnitXMLReporter -->
<testsuite ignored="0" hostname="Akash" failures="0" tests="8" name="Test" time="63.388" errors="0" timestamp="2024-08-09T16:41:20 IST">
  <testcase classname="practiceSelenium.Login" name="test" time="9.46"/>
  <testcase classname="practiceSelenium.Login" name="test" time="6.455"/>
  <testcase classname="practiceSelenium.Login" name="test" time="6.213"/>
  <testcase classname="practiceSelenium.ActionsPractice" name="DragTest" time="2.525"/>
  <testcase classname="practiceSelenium.ActionsPractice" name="ClickAndHold" time="0.351"/>
  <testcase classname="practiceSelenium.ActionsPractice" name="Hover" time="6.58"/>
  <testcase classname="practiceSelenium.LoginBaseClass" name="testLogin" time="2.562"/>
  <testcase classname="practiceSelenium.LoginBaseClass" name="UrlValidate" time="0.025"/>
</testsuite> <!-- Test -->
