<?xml version="1.0" encoding="UTF-8"?>
<!-- Generated by org.testng.reporters.JUnitXMLReporter -->
<testsuite ignored="0" hostname="Akash" failures="2" tests="11" name="Test" time="94.354" errors="0" timestamp="2024-08-20T19:12:51 IST">
  <testcase classname="practiceSelenium.Login" name="TestWithDataProvider" time="7.356"/>
  <testcase classname="practiceSelenium.Login" name="TestWithDataProvider" time="6.752"/>
  <testcase classname="practiceSelenium.Login" name="TestWithDataProvider" time="5.811"/>
  <testcase classname="practiceSelenium.ActionsPractice" name="DragTest" time="2.463"/>
  <testcase classname="practiceSelenium.ActionsPractice" name="ClickAndHold" time="0.281"/>
  <testcase classname="practiceSelenium.ActionsPractice" name="Hover" time="6.545"/>
  <testcase classname="practiceSelenium.LoginBaseClass" name="testLogin" time="2.363"/>
  <testcase classname="practiceSelenium.LoginBaseClass" name="UrlValidateTest" time="0.036">
    <failure type="java.lang.AssertionError" message="expected [https://webdriveruniversity.com/Login-Porta/index.html] but found [https://webdriveruniversity.com/Login-Portal/index.html]">
      <![CDATA[java.lang.AssertionError: expected [https://webdriveruniversity.com/Login-Porta/index.html] but found [https://webdriveruniversity.com/Login-Portal/index.html]
at practiceSelenium.LoginBaseClass.UrlValidateTest(LoginBaseClass.java:59)
at java.base/java.util.ArrayList.forEach(ArrayList.java:1511)
... Removed 33 stack frames]]>
    </failure>
  </testcase> <!-- UrlValidateTest -->
  <testcase classname="task.BrokenLinks" name="BrokenLinkTest" time="4.29">
    <failure type="java.lang.AssertionError" message="The following asserts failed:
	Link: &amp;apos;Appium&amp;apos; is broken with status code 403 expected [true] but found [false],
	Link: &amp;apos;Broken Link&amp;apos; is broken with status code 404 expected [true] but found [false]">
      <![CDATA[java.lang.AssertionError: The following asserts failed:
Link: 'Appium' is broken with status code 403 expected [true] but found [false],
Link: 'Broken Link' is broken with status code 404 expected [true] but found [false]
at task.BrokenLinks.BrokenLinkTest(BrokenLinks.java:57)
at java.base/java.util.ArrayList.forEach(ArrayList.java:1511)
... Removed 29 stack frames]]>
    </failure>
  </testcase> <!-- BrokenLinkTest -->
  <testcase classname="task.WindowHandle" name="WindowHandle" time="9.388"/>
  <testcase classname="task.WindowHandle" name="TabHandle" time="9.173"/>
</testsuite> <!-- Test -->
