<?xml version="1.0" encoding="UTF-8"?>
<testng-results ignored="0" total="1" passed="1" failed="0" skipped="0">
  <reporter-output>
  </reporter-output>
  <suite started-at="2024-08-17T14:32:55 IST" name="Default suite" finished-at="2024-08-17T14:33:06 IST" duration-ms="11186">
    <groups>
    </groups>
    <test started-at="2024-08-17T14:32:55 IST" name="Default test" finished-at="2024-08-17T14:33:06 IST" duration-ms="11186">
      <class name="task.BrokenLinks">
        <test-method is-config="true" signature="initialise()[pri:0, instance:task.BrokenLinks@117159c0]" started-at="2024-08-17T14:32:55 IST" name="initialise" finished-at="2024-08-17T14:33:00 IST" duration-ms="5155" status="PASS">
          <reporter-output>
          </reporter-output>
        </test-method> <!-- initialise -->
        <test-method signature="BrokenLinkTest()[pri:0, instance:task.BrokenLinks@117159c0]" started-at="2024-08-17T14:33:00 IST" name="BrokenLinkTest" finished-at="2024-08-17T14:33:06 IST" duration-ms="5733" status="PASS">
          <reporter-output>
          </reporter-output>
        </test-method> <!-- BrokenLinkTest -->
        <test-method is-config="true" signature="tearDown()[pri:0, instance:task.BrokenLinks@117159c0]" started-at="2024-08-17T14:33:06 IST" name="tearDown" finished-at="2024-08-17T14:33:06 IST" duration-ms="246" status="PASS">
          <reporter-output>
          </reporter-output>
        </test-method> <!-- tearDown -->
      </class> <!-- task.BrokenLinks -->
    </test> <!-- Default test -->
  </suite> <!-- Default suite -->
</testng-results>
