<?xml version="1.0" encoding="UTF-8"?>
<testng-results ignored="0" total="2" passed="2" failed="0" skipped="0">
  <reporter-output>
  </reporter-output>
  <suite started-at="2024-08-04T18:39:10 IST" name="Default suite" finished-at="2024-08-04T18:39:22 IST" duration-ms="12144">
    <groups>
    </groups>
    <test started-at="2024-08-04T18:39:10 IST" name="Default test" finished-at="2024-08-04T18:39:22 IST" duration-ms="12144">
      <class name="practiceSelenium.LoginBaseClass">
        <test-method is-config="true" signature="launchUrl()[pri:0, instance:practiceSelenium.LoginBaseClass@3e27ba32]" started-at="2024-08-04T18:39:10 IST" name="launchUrl" finished-at="2024-08-04T18:39:15 IST" duration-ms="5410" status="PASS">
          <reporter-output>
          </reporter-output>
        </test-method> <!-- launchUrl -->
        <test-method signature="testLogin()[pri:0, instance:practiceSelenium.LoginBaseClass@3e27ba32]" started-at="2024-08-04T18:39:15 IST" name="testLogin" finished-at="2024-08-04T18:39:18 IST" duration-ms="2578" status="PASS">
          <reporter-output>
          </reporter-output>
        </test-method> <!-- testLogin -->
        <test-method is-config="true" signature="tearDown()[pri:0, instance:practiceSelenium.LoginBaseClass@3e27ba32]" started-at="2024-08-04T18:39:18 IST" name="tearDown" finished-at="2024-08-04T18:39:18 IST" duration-ms="298" status="PASS">
          <reporter-output>
          </reporter-output>
        </test-method> <!-- tearDown -->
        <test-method is-config="true" signature="launchUrl()[pri:0, instance:practiceSelenium.LoginBaseClass@3e27ba32]" started-at="2024-08-04T18:39:18 IST" name="launchUrl" finished-at="2024-08-04T18:39:22 IST" duration-ms="3486" status="PASS">
          <reporter-output>
          </reporter-output>
        </test-method> <!-- launchUrl -->
        <test-method signature="UrlValidate()[pri:1, instance:practiceSelenium.LoginBaseClass@3e27ba32]" started-at="2024-08-04T18:39:22 IST" name="UrlValidate" finished-at="2024-08-04T18:39:22 IST" duration-ms="30" status="PASS">
          <reporter-output>
          </reporter-output>
        </test-method> <!-- UrlValidate -->
        <test-method is-config="true" signature="tearDown()[pri:0, instance:practiceSelenium.LoginBaseClass@3e27ba32]" started-at="2024-08-04T18:39:22 IST" name="tearDown" finished-at="2024-08-04T18:39:22 IST" duration-ms="244" status="PASS">
          <reporter-output>
          </reporter-output>
        </test-method> <!-- tearDown -->
      </class> <!-- practiceSelenium.LoginBaseClass -->
    </test> <!-- Default test -->
  </suite> <!-- Default suite -->
</testng-results>
